app/build/outputs/mapping/release/seeds.txt
com.weatherveil.hidden.database.MessageDao_Impl$13
com.weatherveil.hidden.worker.AutoDeleteWorker
com.weatherveil.weather.CityInfo
com.weatherveil.hidden.database.MessageDao_Impl$16
com.weatherveil.weather.Wind
com.weatherveil.weather.ForecastItem
com.weatherveil.hidden.database.AppDatabase$Companion
com.weatherveil.weather.WeatherApiService$DefaultImpls
com.weatherveil.weather.MainWeather
com.weatherveil.hidden.ChatActivity
com.weatherveil.weather.WeatherActivity$loadWeather$1
com.weatherveil.hidden.database.MessageDao_Impl$8
com.weatherveil.weather.WeatherActivity$loadWeatherByLocation$1
com.weatherveil.weather.WeatherActivity$setupSearchTrigger$1
com.weatherveil.hidden.database.MessageDao_Impl$4
com.weatherveil.hidden.database.MessageDao_Impl$11
com.weatherveil.hidden.database.MessageDao_Impl$7
com.weatherveil.weather.WeatherResponse
com.weatherveil.hidden.database.AppDatabase_Impl$1
com.weatherveil.hidden.database.Message
com.weatherveil.hidden.database.MessageDao_Impl$2
com.weatherveil.hidden.database.MessageDao_Impl
com.weatherveil.hidden.database.MessageDao_Impl$6
com.weatherveil.hidden.database.MessageDao_Impl$17
com.weatherveil.utils.AuthManager
com.weatherveil.weather.ForecastResponse
com.weatherveil.hidden.database.MessageDao
com.weatherveil.hidden.database.MessageDao_Impl$1
com.weatherveil.weather.ForecastAdapter$ForecastViewHolder
com.weatherveil.weather.WeatherApiService
com.weatherveil.hidden.LoginActivity
com.weatherveil.hidden.database.MessageDao_Impl$12
com.weatherveil.hidden.database.MessageDao_Impl$15
com.weatherveil.hidden.worker.AutoDeleteWorker$Companion
com.weatherveil.weather.ForecastAdapter
com.weatherveil.weather.Sys
com.weatherveil.weather.WeatherDescription
com.weatherveil.hidden.database.AppDatabase_Impl
com.weatherveil.hidden.database.MessageDao_Impl$10
com.weatherveil.hidden.worker.AutoDeleteWorker$doWork$1
com.weatherveil.weather.WeatherActivity
com.weatherveil.hidden.database.MessageDao_Impl$3
com.weatherveil.weather.RetrofitClient
com.weatherveil.hidden.database.MessageDao_Impl$9
com.weatherveil.hidden.database.MessageDao_Impl$5
com.weatherveil.hidden.database.AppDatabase
com.weatherveil.hidden.database.MessageDao_Impl$14
com.weatherveil.weather.Sys: java.lang.String country
com.weatherveil.hidden.database.Message: boolean isRead
com.weatherveil.hidden.database.MessageDao_Impl$14: java.lang.String val$currentUser
com.weatherveil.weather.WeatherActivity: android.widget.TextView tvVisibility
com.weatherveil.hidden.worker.AutoDeleteWorker: java.lang.String WORK_TAG
com.weatherveil.hidden.database.MessageDao_Impl$8: com.weatherveil.hidden.database.Message val$message
com.weatherveil.hidden.database.MessageDao_Impl$10: com.weatherveil.hidden.database.Message val$message
com.weatherveil.hidden.database.AppDatabase: com.weatherveil.hidden.database.AppDatabase$Companion Companion
com.weatherveil.hidden.database.Message: java.lang.String remoteUrl
com.weatherveil.weather.WeatherActivity$loadWeather$1: java.lang.String $city
com.weatherveil.hidden.database.MessageDao_Impl$6: com.weatherveil.hidden.database.MessageDao_Impl this$0
com.weatherveil.hidden.database.Message: java.lang.String messageType
com.weatherveil.weather.WeatherDescription: java.lang.String description
com.weatherveil.hidden.database.MessageDao_Impl$3: com.weatherveil.hidden.database.MessageDao_Impl this$0
com.weatherveil.weather.WeatherActivity: com.google.android.gms.location.FusedLocationProviderClient fusedLocationClient
com.weatherveil.weather.ForecastAdapter$ForecastViewHolder: android.widget.TextView tvDesc
com.weatherveil.hidden.database.Message: long timestamp
com.weatherveil.weather.WeatherActivity: android.widget.TextView tvLastUpdated
com.weatherveil.hidden.database.MessageDao_Impl: androidx.room.SharedSQLiteStatement __preparedStmtOfSetSaved
com.weatherveil.weather.Sys: long sunset
com.weatherveil.hidden.database.MessageDao_Impl$15: com.weatherveil.hidden.database.MessageDao_Impl this$0
...
androidx.room.TypeConverters: androidx.room.BuiltInTypeConverters builtInTypeConverters()
com.google.gson.internal.bind.JsonTreeReader: void endArray()
androidx.work.impl.model.WorkName: java.lang.String getWorkSpecId()
androidx.work.impl.model.WorkSpec$IdAndState: androidx.work.impl.model.WorkSpec$IdAndState copy(java.lang.String,androidx.work.WorkInfo$State)
androidx.room.util.StringUtil: void appendPlaceholders(java.lang.StringBuilder,int)
androidx.appcompat.widget.AppCompatCheckBox: int getCompoundPaddingLeft()
androidx.appcompat.app.AppCompatActivity: void setSupportProgressBarIndeterminateVisibility(boolean)
okhttp3.RequestBody: okhttp3.RequestBody create(byte[],okhttp3.MediaType,int)
androidx.core.view.animation.PathInterpolatorCompat$Api21Impl: android.view.animation.Interpolator createPathInterpolator(android.graphics.Path)
androidx.work.impl.model.WorkSpecDao_Impl$25: WorkSpecDao_Impl$25(androidx.work.impl.model.WorkSpecDao_Impl,androidx.room.RoomSQLiteQuery)
androidx.recyclerview.widget.RecyclerView: void setClipToPadding(boolean)
com.google.gson.internal.bind.TypeAdapters$31: com.google.gson.TypeAdapter create(com.google.gson.Gson,com.google.gson.reflect.TypeToken)
androidx.work.impl.model.WorkSpecDao_Impl: void delete(java.lang.String)
androidx.work.impl.workers.ConstraintTrackingWorker: void onConstraintsStateChanged(androidx.work.impl.model.WorkSpec,androidx.work.impl.constraints.ConstraintsState)
androidx.appcompat.app.AppCompatActivity: void onPanelClosed(int,android.view.Menu)
kotlin.jvm.internal.FunctionReference: boolean isInfix()
androidx.work.impl.model.WorkSpecDao_Impl: int resetScheduledState()
androidx.core.view.ViewCompat$Api26Impl: void setImportantForAutofill(android.view.View,int)
androidx.work.impl.background.systemalarm.Alarms: void cancelExactAlarm(android.content.Context,androidx.work.impl.model.WorkGenerationalId,int)
net.sqlcipher.database.SQLiteOpenHelper: void onDowngrade(net.sqlcipher.database.SQLiteDatabase,int,int)
androidx.room.InvalidationTracker$WeakObserver: InvalidationTracker$WeakObserver(androidx.room.InvalidationTracker,androidx.room.InvalidationTracker$Observer)
androidx.room.RoomTrackingLiveData: java.lang.Runnable getInvalidationRunnable()
com.google.android.material.textfield.TextInputLayout: void setPlaceholderTextAppearance(int)
androidx.work.impl.Processor: boolean interrupt(java.lang.String,androidx.work.impl.WorkerWrapper,int)
androidx.vectordrawable.graphics.drawable.VectorDrawableCompat$VFullPath: int getFillColor()
okhttp3.RequestBody: okhttp3.RequestBody create(okhttp3.MediaType,byte[])
androidx.work.Configuration$Builder: Configuration$Builder(androidx.work.Configuration)
androidx.work.impl.constraints.controllers.NetworkMeteredController$Companion: NetworkMeteredController$Companion()
androidx.room.AutoClosingRoomOpenHelper$AutoClosingSupportSQLiteDatabase$isReadOnly$1: java.lang.Object invoke(java.lang.Object)
androidx.core.view.ViewCompat$Api19Impl: void setContentChangeTypes(android.view.accessibility.AccessibilityEvent,int)
com.google.gson.internal.LinkedHashTreeMap$KeySet: boolean contains(java.lang.Object)
androidx.work.impl.constraints.trackers.NetworkStateTrackerPre24: androidx.work.impl.constraints.NetworkState readSystemState()
com.google.gson.internal.bind.TypeAdapters$7: void write(com.google.gson.stream.JsonWriter,java.lang.Number)
androidx.appcompat.app.AppCompatActivity: void setSupportProgressBarVisibility(boolean)
com.google.gson.internal.bind.JsonTreeWriter: void put(com.google.gson.JsonElement)
androidx.work.ListenableWorker$Result$Retry: int hashCode()
androidx.core.util.ObjectsCompat$Api19Impl: int hash(java.lang.Object[])
net.sqlcipher.AbstractCursor: android.database.DataSetObservable getDataSetObservable()
kotlin.coroutines.jvm.internal.BaseContinuationImpl: java.lang.String toString()
com.google.android.material.checkbox.MaterialCheckBox: android.content.res.ColorStateList getButtonTintList()