app/build/outputs/mapping/release/usage.txt
com.weatherveil.R$color:
    public static int bg_gradient_end
    public static int bg_gradient_start
    public static int bubble_received
    public static int bubble_sent
    public static int card_bg
    public static int colorAccent
    public static int colorPrimary
    public static int colorPrimaryDark
    public static int dark_bg
    public static int dark_surface
    public static int purple_accent
    public static int text_primary
    public static int text_secondary
    private void <init>()
com.weatherveil.R$drawable:
    public static int btn_primary_bg
    public static int btn_send_bg
    public static int bubble_received
    public static int bubble_sent
    public static int forecast_item_bg
    public static int ic_attach
    public static int ic_chat_avatar
    public static int ic_launcher_background
    public static int ic_launcher_foreground
    public static int ic_location
    public static int ic_lock
    public static int ic_search
    public static int ic_send
    public static int ic_star
    public static int icon_btn_bg
    public static int input_bg_chat
    public static int input_bg_dark
    public static int search_bg
    private void <init>()
com.weatherveil.R$id:
    public static int statHumidity
    public static int statPressure
    public static int statSunrise
    public static int statSunset
    public static int statVisibility
    public static int statWind
    public static int tvStatLabel
    public static int tvStatValue
    private void <init>()
com.weatherveil.R$layout:
    public static int item_weather_stat
    private void <init>()
com.weatherveil.R$mipmap
com.weatherveil.R$string
com.weatherveil.R$style:
    public static int Theme_WeatherVeil
    public static int Theme_WeatherVeil_Dark
    private void <init>()
com.weatherveil.R$xml
com.weatherveil.R
com.weatherveil.databinding.ActivityChatBinding
com.weatherveil.databinding.ActivityLoginBinding
com.weatherveil.databinding.ActivityWeatherBinding
com.weatherveil.databinding.ItemForecastBinding
com.weatherveil.databinding.ItemMessageReceivedBinding
com.weatherveil.databinding.ItemMessageSentBinding
com.weatherveil.databinding.ItemWeatherStatBinding
com.weatherveil.hidden.ChatActivity$RemoteMessage:
    public void <init>()
    public synthetic void <init>(java.lang.String,java.lang.String,java.lang.String,java.lang.String,long,int,kotlin.jvm.internal.DefaultConstructorMarker)
    public final java.lang.String component1()
    public final java.lang.String component2()
    public final java.lang.String component3()
    public final java.lang.String component4()
    public final long component5()
    public final com.weatherveil.hidden.ChatActivity$RemoteMessage copy(java.lang.String,java.lang.String,java.lang.String,java.lang.String,long)
    public static synthetic com.weatherveil.hidden.ChatActivity$RemoteMessage copy$default(com.weatherveil.hidden.ChatActivity$RemoteMessage,java.lang.String,java.lang.String,java.lang.String,java.lang.String,long,int,java.lang.Object)
com.weatherveil.hidden.ChatActivity:
    private static final int PICK_IMAGE_REQUEST
com.weatherveil.hidden.adapter.MessageAdapter$ReceivedViewHolder:
    public final android.view.View getBubbleLayout()
com.weatherveil.hidden.adapter.MessageAdapter$SentViewHolder:
    public final android.view.View getBubbleLayout()
com.weatherveil.hidden.adapter.MessageAdapter:
    private static final int VIEW_TYPE_RECEIVED
    private static final int VIEW_TYPE_SENT
...
androidx.core.location.LocationRequestCompat$Builder
androidx.core.location.LocationRequestCompat$Quality
androidx.core.location.LocationRequestCompat
androidx.core.math.MathUtils:
    private void <init>()
    public static int addExact(int,int)
    public static long addExact(long,long)
    public static double clamp(double,double,double)
    public static long clamp(long,long,long)
    public static int decrementExact(int)
    public static long decrementExact(long)
    public static int incrementExact(int)
    public static long incrementExact(long)
    public static int multiplyExact(int,int)
    public static long multiplyExact(long,long)
    public static int negateExact(int)
    public static long negateExact(long)
    public static int subtractExact(int,int)
    public static long subtractExact(long,long)
    public static int toIntExact(long)
androidx.core.net.ConnectivityManagerCompat$Api16Impl:
    private void <init>()
androidx.core.net.ConnectivityManagerCompat$Api24Impl
androidx.core.net.ConnectivityManagerCompat$RestrictBackgroundStatus
androidx.core.net.ConnectivityManagerCompat:
    public static final int RESTRICT_BACKGROUND_STATUS_DISABLED
    public static final int RESTRICT_BACKGROUND_STATUS_ENABLED
    public static final int RESTRICT_BACKGROUND_STATUS_WHITELISTED
    private void <init>()
    public static android.net.NetworkInfo getNetworkInfoFromBroadcast(android.net.ConnectivityManager,android.content.Intent)
    public static int getRestrictBackgroundStatus(android.net.ConnectivityManager)
androidx.core.net.DatagramSocketWrapper$DatagramSocketImplWrapper
androidx.core.net.DatagramSocketWrapper
androidx.core.net.MailTo
androidx.core.net.ParseException
androidx.core.net.TrafficStatsCompat$Api24Impl
androidx.core.net.TrafficStatsCompat
androidx.core.net.UriCompat
androidx.core.net.UriKt
androidx.core.os.BuildCompat$PrereleaseSdkCheck
androidx.core.os.BuildCompat:
    public static final boolean isAtLeastN()
    public static final boolean isAtLeastNMR1()
    public static final boolean isAtLeastO()
    public static final boolean isAtLeastOMR1()
    public static final boolean isAtLeastP()
    public static final boolean isAtLeastQ()
    public static final boolean isAtLeastR()
    public static final boolean isAtLeastS()
    public static final boolean isAtLeastSv2()
    public static final boolean isAtLeastU()
    public static final boolean isAtLeastV()
androidx.core.os.BundleCompat$Api18Impl
androidx.core.os.BundleCompat$Api33Impl
androidx.core.os.BundleCompat$BeforeApi18Impl
androidx.core.os.BundleCompat
androidx.core.os.BundleKt:
    public static final android.os.Bundle bundleOf()
androidx.core.os.CancellationSignal$Api16Impl:
    private void <init>()
androidx.core.os.CancellationSignal:
    public java.lang.Object getCancellationSignalObject()
    public void throwIfCanceled()
androidx.core.os.ConfigurationCompat$Api17Impl
androidx.core.os.ConfigurationCompat$Api24Impl:
    private void <init>()
androidx.core.os.ConfigurationCompat:
    private void <init>()
    public static void setLocales(android.content.res.Configuration,androidx.core.os.LocaleListCompat)
androidx.core.os.EnvironmentCompat$Api19Impl
androidx.core.os.EnvironmentCompat$Api21Impl
androidx.core.os.EnvironmentCompat
androidx.core.os.ExecutorCompat$HandlerExecutor
androidx.core.os.ExecutorCompat
androidx.core.os.HandlerCompat$Api28Impl:
    private void <init>()
    public static android.os.Handler createAsync(android.os.Looper,android.os.Handler$Callback)
    public static boolean postDelayed(android.os.Handler,java.lang.Runnable,java.lang.Object,long)
androidx.core.os.HandlerCompat$Api29Impl